<?xml version="1.0" encoding="UTF-8"?>
<!-- Generated by org.testng.reporters.JUnitReportReporter -->
<testsuite skipped="0" hostname="TR-26TFZY2" name="com.inetbanking.testCases.TC_AddCustomerTest_003" tests="1" failures="0" timestamp="04 Jul 2020 18:58:51 GMT" time="13.791" errors="0">
  <testcase name="addNewCustomer" time="13.791" classname="com.inetbanking.testCases.TC_AddCustomerTest_003"/>
</testsuite> <!-- com.inetbanking.testCases.TC_AddCustomerTest_003 -->
