<?xml version="1.0" encoding="UTF-8"?>
<!-- Generated by org.testng.reporters.JUnitReportReporter -->
<testsuite hostname="TR-26TFZY2" failures="0" tests="1" name="com.inetbanking.testCases.TC_LoginTest_001" time="119.170" errors="0" timestamp="05 Jul 2020 20:40:54 GMT" skipped="0">
  <testcase classname="com.inetbanking.testCases.TC_LoginTest_001" name="loginTest" time="119.170"/>
</testsuite> <!-- com.inetbanking.testCases.TC_LoginTest_001 -->
